[2024-06-14,11:41:56.712] INFO : [31m[1mWARNING: This is a development server. Do not use it in a production deployment. Use a production WSGI server instead.[0m
 * Running on all addresses (0.0.0.0)
 * Running on http://127.0.0.1:5000
 * Running on http://192.168.74.41:5000
[2024-06-14,11:41:56.714] INFO : [33mPress CTRL+C to quit[0m
[2024-06-14,11:41:56.715] INFO :  * Restarting with stat
[2024-06-14,11:42:04.335] WARNING :  * Debugger is active!
[2024-06-14,11:42:04.337] INFO :  * Debugger PIN: 164-531-858
[2024-06-14,14:51:41.002] INFO : 127.0.0.1 - - [14/Jun/2024 14:51:41] "GET / HTTP/1.1" 200 -
[2024-06-14,14:51:41.173] INFO : 127.0.0.1 - - [14/Jun/2024 14:51:41] "GET /assets/index-CnsS4ZHd.js HTTP/1.1" 200 -
[2024-06-14,14:51:41.179] INFO : 127.0.0.1 - - [14/Jun/2024 14:51:41] "GET /assets/index-rBGzH4Hi.css HTTP/1.1" 200 -
[2024-06-14,14:51:46.143] INFO : POST http://localhost:5000//api/landing_page - 200
[2024-06-14,14:51:46.502] INFO : POST http://localhost:5000//api/get_analysis_list - 200
[2024-06-14,14:51:47.103] INFO : POST http://localhost:5000//api/trend_graph - 200
[2024-06-14,14:51:47.231] INFO : POST http://localhost:5000//api/trend_graph - 200
[2024-06-14,14:51:58.350] INFO : POST http://localhost:5000//api/get_table_from_card - 200
[2024-06-14,14:52:01.192] INFO : POST http://localhost:5000//api/get_table_from_card - 200
[2024-06-14,14:52:07.298] INFO : POST http://localhost:5000//api/get_table_from_card - 200
[2024-06-14,14:52:08.380] INFO : POST http://localhost:5000//api/get_table_from_card - 200
[2024-06-14,14:52:35.220] INFO : POST http://localhost:5000//api/get_table_from_card - 200
[2024-06-14,14:52:37.530] INFO : POST http://localhost:5000//api/get_table_from_card - 200
[2024-06-14,14:52:38.709] INFO : POST http://localhost:5000//api/get_table_from_card - 200
[2024-06-14,14:52:40.549] INFO : POST http://localhost:5000//api/get_table_from_card - 200
[2024-06-14,14:52:40.941] INFO : POST http://localhost:5000//api/get_table_from_card - 200
[2024-06-14,14:52:42.046] INFO : POST http://localhost:5000//api/get_table_from_card - 200
[2024-06-14,14:52:46.438] INFO : POST http://localhost:5000//api/get_table_from_card - 200
[2024-06-14,14:52:51.998] INFO : POST http://localhost:5000//api/get_table_from_card - 200
[2024-06-14,14:53:17.501] INFO : POST http://localhost:5000//api/get_table_from_card - 200
[2024-06-14,14:53:20.049] INFO : POST http://localhost:5000//api/get_table_from_card - 200
[2024-06-14,14:53:48.417] INFO : POST http://localhost:5000//api/calendar - 200
[2024-06-14,14:53:59.833] WARNING : POST http://localhost:5000//api/calendar - 404
[2024-06-14,14:54:16.389] INFO : POST http://localhost:5000//api/calendar - 200
[2024-06-14,14:54:24.785] INFO : POST http://localhost:5000//api/get_intermediate_metrics - 200
[2024-06-14,14:54:30.090] INFO : POST http://localhost:5000//api/get_mathematical_formula - 200
[2024-06-14,14:54:36.367] INFO : POST http://localhost:5000//api/get_mathematical_formula - 200
[2024-06-14,14:54:42.982] INFO : POST http://localhost:5000//api/get_mathematical_formula - 200
[2024-06-14,14:54:43.793] INFO : POST http://localhost:5000//api/get_mathematical_formula - 200
[2024-06-14,14:54:49.338] INFO : POST http://localhost:5000//api/get_mathematical_formula - 200
[2024-06-14,14:55:04.631] INFO : POST http://localhost:5000//api/get_mathematical_formula - 200
[2024-06-14,14:55:06.290] INFO : POST http://localhost:5000//api/get_mathematical_formula - 200
[2024-06-14,14:55:10.227] INFO : POST http://localhost:5000//api/get_mathematical_formula - 200
[2024-06-14,14:55:19.750] INFO : POST http://localhost:5000//api/get_mathematical_formula - 200
[2024-06-14,14:55:26.859] ERROR : POST http://localhost:5000//api/get_mathematical_formula - 500
[2024-06-14,14:55:39.564] INFO : POST http://localhost:5000//api/get_mathematical_formula - 200
[2024-06-14,14:55:47.350] INFO : POST http://localhost:5000//api/get_mathematical_formula - 200
[2024-06-14,14:55:50.133] INFO : POST http://localhost:5000//api/get_mathematical_formula - 200
[2024-06-14,14:55:54.512] INFO : POST http://localhost:5000//api/get_mathematical_formula - 200
[2024-06-14,14:55:56.872] INFO : POST http://localhost:5000//api/get_mathematical_formula - 200
[2024-06-14,14:56:00.060] INFO : POST http://localhost:5000//api/get_mathematical_formula - 200
[2024-06-14,14:56:05.543] INFO : POST http://localhost:5000//api/get_mathematical_formula - 200
[2024-06-14,14:56:13.806] INFO : POST http://localhost:5000//api/get_mathematical_formula - 200
[2024-06-14,14:56:38.571] INFO : POST http://localhost:5000//api/get_files_list - 200
[2024-06-14,14:56:45.179] INFO : POST http://localhost:5000//api/get_assets_list - 200
[2024-06-14,14:56:50.628] INFO : POST http://localhost:5000//api/trend_graph - 200
[2024-06-14,14:56:59.754] INFO : POST http://localhost:5000//api/calculate - 200
[2024-06-14,14:57:02.281] INFO : POST http://localhost:5000//api/get_analysis_list - 200
[2024-06-14,14:57:02.792] INFO : POST http://localhost:5000//api/trend_graph - 200
[2024-06-14,14:57:29.667] INFO : POST http://localhost:5000//api/add_asset_overview - 200
[2024-06-14,14:57:38.095] INFO : POST http://localhost:5000//api/changeasset - 200
[2024-06-14,14:58:06.393] INFO : POST http://localhost:5000//api/changeasset - 200
[2024-06-14,14:58:12.241] INFO : POST http://localhost:5000//api/get_analysis_list - 200
[2024-06-14,15:00:00.080] INFO : POST http://localhost:5000//api/get_files_list - 200
[2024-06-14,15:00:34.699] WARNING : POST http://localhost:5000//api/validate_file - 403
[2024-06-14,15:00:48.731] INFO : POST http://localhost:5000//api/validate_file - 200
[2024-06-14,15:00:51.528] INFO : POST http://localhost:5000//api/get_assets_list - 200
[2024-06-14,15:00:54.936] INFO : POST http://localhost:5000//api/trend_graph - 200
[2024-06-14,15:02:03.163] INFO : POST http://localhost:5000//api/calculate - 200
[2024-06-14,15:02:06.817] INFO : POST http://localhost:5000//api/trend_graph - 200
[2024-06-14,15:02:08.469] INFO : POST http://localhost:5000//api/get_analysis_list - 200
[2024-06-14,15:03:19.361] INFO : POST http://localhost:5000//api/get_WIA_assets - 200
[2024-06-14,15:03:36.305] INFO : POST http://localhost:5000//api/changeEBITDA - 200
[2024-06-14,15:06:05.665] INFO : POST http://localhost:5000//api/changeEBITDA - 200
[2024-06-14,15:06:08.635] INFO : POST http://localhost:5000//api/get_analysis_list - 200
[2024-06-14,15:08:18.794] INFO : POST http://localhost:5000//api/add_asset_overview - 200
[2024-06-14,15:08:26.126] INFO : POST http://localhost:5000//api/changeasset - 200
[2024-06-14,15:10:37.747] INFO : POST http://localhost:5000//api/landing_page - 200
[2024-06-14,15:10:38.387] INFO : POST http://localhost:5000//api/get_analysis_list - 200
[2024-06-14,15:10:38.665] INFO : POST http://localhost:5000//api/trend_graph - 200
[2024-06-14,15:10:39.553] INFO : POST http://localhost:5000//api/trend_graph - 200
[2024-06-14,15:12:51.825] INFO : POST http://localhost:5000//api/add_asset_overview - 200
[2024-06-14,15:13:00.250] INFO : POST http://localhost:5000//api/changeasset - 200
[2024-06-14,15:13:44.794] INFO : POST http://localhost:5000//api/changeasset - 200
[2024-06-14,15:13:48.386] INFO : POST http://localhost:5000//api/get_analysis_list - 200
[2024-06-14,15:17:27.626] INFO : POST http://localhost:5000//api/get_files_list - 200
[2024-06-14,15:18:05.296] WARNING : POST http://localhost:5000//api/validate_file - 400
